
Showing logs for build [32mcb-kubecd-bdd-gh-1584637753-pr-szm4m-1[0m stage [32mfrom-build-pack[0m and container [32mstep-credential-initializer-654b9[0m
{"level":"warn","ts":1584638930.6411157,"logger":"fallback-logger","caller":"logging/config.go:69","msg":"Fetch GitHub commit ID from kodata failed: \"ref: refs/heads/0.8.0-**-support-backwards-incompats\" is not a valid GitHub commit ID"}
{"level":"info","ts":1584638930.641714,"logger":"fallback-logger","caller":"creds-init/main.go:40","msg":"Credentials initialized."}

Showing logs for build [32mcb-kubecd-bdd-gh-1584637753-pr-szm4m-1[0m stage [32mfrom-build-pack[0m and container [32mstep-working-dir-initializer-hxfdf[0m
{"level":"warn","ts":1584638931.2723715,"logger":"fallback-logger","caller":"logging/config.go:69","msg":"Fetch GitHub commit ID from kodata failed: open /var/run/ko/HEAD: no such file or directory"}
{"level":"info","ts":1584638931.2741203,"logger":"fallback-logger","caller":"bash/main.go:64","msg":"Successfully executed command \"sh -c mkdir -p /workspace/source\"; output "}

Showing logs for build [32mcb-kubecd-bdd-gh-1584637753-pr-szm4m-1[0m stage [32mfrom-build-pack[0m and container [32mstep-place-tools[0m

Showing logs for build [32mcb-kubecd-bdd-gh-1584637753-pr-szm4m-1[0m stage [32mfrom-build-pack[0m and container [32mstep-git-source-cb-kubecd-bdd-gh-1584637753-pr-szm4m-r84x9[0m
{"level":"warn","ts":1584638937.6271698,"logger":"fallback-logger","caller":"logging/config.go:69","msg":"Fetch GitHub commit ID from kodata failed: \"ref: refs/heads/0.8.0-**-support-backwards-incompats\" is not a valid GitHub commit ID"}
{"level":"info","ts":1584638938.928101,"logger":"fallback-logger","caller":"git/git.go:103","msg":"Successfully cloned https://github.com/cb-kubecd/bdd-gh-1584637753.git @ master in path /workspace/source"}

Showing logs for build [32mcb-kubecd-bdd-gh-1584637753-pr-szm4m-1[0m stage [32mfrom-build-pack[0m and container [32mstep-git-merge[0m
Using SHAs from PULL_REFS=master:e0ee494794bf07c0dc1e52bd096855b0d49edf5f,1:cef78d28c2567e4eeeac1872286e093a0132a182
DEBUG: LC_ALL=C JX_LOG_LEVEL=error git fetch origin --unshallow cef78d28c2567e4eeeac1872286e093a0132a182: e0ee494794bf07c0dc1e52bd096855b0d49edf5f:
DEBUG: ran git fetch --unshallow origin cef78d28c2567e4eeeac1872286e093a0132a182: e0ee494794bf07c0dc1e52bd096855b0d49edf5f: in 
DEBUG: LC_ALL=C JX_LOG_LEVEL=error git branch
DEBUG: LC_ALL=C JX_LOG_LEVEL=error git checkout master
DEBUG: ran git checkout master in 
DEBUG: LC_ALL=C JX_LOG_LEVEL=error git reset --hard e0ee494794bf07c0dc1e52bd096855b0d49edf5f
DEBUG: ran git reset --hard e0ee494794bf07c0dc1e52bd096855b0d49edf5f in 
DEBUG: LC_ALL=C JX_LOG_LEVEL=error git clean -fd .
DEBUG: ran clean --force -d . in 
DEBUG: LC_ALL=C JX_LOG_LEVEL=error git merge cef78d28c2567e4eeeac1872286e093a0132a182
DEBUG: ran git merge cef78d28c2567e4eeeac1872286e093a0132a182 in 
DEBUG: LC_ALL=C JX_LOG_LEVEL=error git log --format=%H%x1f%an%x1f%ae%x1f%cn%x1f%ce%x1f%s%n%b%x1e e0ee494794bf07c0dc1e52bd096855b0d49edf5f..HEAD
Merged SHA cef78d28c2567e4eeeac1872286e093a0132a182 with commit message 'My first PR commit' into base branch master

Showing logs for build [32mcb-kubecd-bdd-gh-1584637753-pr-szm4m-1[0m stage [32mfrom-build-pack[0m and container [32mstep-build-make-linux[0m
CGO_ENABLED=0 GOOS=linux GOARCH=amd64 GO15VENDOREXPERIMENT=1 go build -ldflags '' -o bin/bdd-gh-1584637753 main.go

Showing logs for build [32mcb-kubecd-bdd-gh-1584637753-pr-szm4m-1[0m stage [32mfrom-build-pack[0m and container [32mstep-build-container-build[0m
[36mINFO[0m[0000] No base image, nothing to extract            
[36mINFO[0m[0000] cmd: EXPOSE                                  
[36mINFO[0m[0000] Adding exposed port: 8080/tcp                
[36mINFO[0m[0000] Using files from context: [/workspace/source/bin] 
[36mINFO[0m[0000] Skipping unpacking as no commands require it. 
[36mINFO[0m[0000] Taking snapshot of full filesystem...        
[36mINFO[0m[0000] EXPOSE 8080                                  
[36mINFO[0m[0000] cmd: EXPOSE                                  
[36mINFO[0m[0000] Adding exposed port: 8080/tcp                
[36mINFO[0m[0000] No files changed in this command, skipping snapshotting. 
[36mINFO[0m[0000] ENTRYPOINT ["/bdd-gh-1584637753"]            
[36mINFO[0m[0000] No files changed in this command, skipping snapshotting. 
[36mINFO[0m[0000] Using files from context: [/workspace/source/bin] 
[36mINFO[0m[0000] COPY ./bin/ /                                
[36mINFO[0m[0000] Taking snapshot of files...                  
2020/03/19 17:29:17 pushed blob: sha256:8dc29480e63cd49cccf8e48322ad9efd17ecb653beeb245b5b9bdc44781b7109
2020/03/19 17:29:18 pushed blob: sha256:fbca54d1e388a0757e19734e641be3fe091a786fcadad9f67fbad4c21ea362e3
2020/03/19 17:29:19 gcr.io/jenkins-x-bdd3/bdd-gh-1584637753:0.0.0-SNAPSHOT-PR-1-1: digest: sha256:1499104fd08f17fdf30e8499f9b068925c224cb20cd1d26aa3e629103cb3dd94 size: 428

Showing logs for build [32mcb-kubecd-bdd-gh-1584637753-pr-szm4m-1[0m stage [32mfrom-build-pack[0m and container [32mstep-postbuild-post-build[0m
no CVE provider running in the current ** namespace so skip adding image to be analysed

Showing logs for build [32mcb-kubecd-bdd-gh-1584637753-pr-szm4m-1[0m stage [32mfrom-build-pack[0m and container [32mstep-promote-make-preview[0m
sed -i -e "s/version:.*/version: 0.0.0-SNAPSHOT-PR-1-1/" Chart.yaml
sed -i -e "s/version:.*/version: 0.0.0-SNAPSHOT-PR-1-1/" ../*/Chart.yaml
sed -i -e "s|repository:.*|repository: gcr.io\/jenkins-x-bdd3\/bdd-gh-1584637753|" values.yaml
sed -i -e "s/tag:.*/tag: 0.0.0-SNAPSHOT-PR-1-1/" values.yaml
echo "  version: 0.0.0-SNAPSHOT-PR-1-1" >> requirements.yaml
** step helm build
WARNING: No $CHART_REPOSITORY defined so using the default value of: http://jenkins-x-chartmuseum:8080
Adding missing Helm repo: storage.googleapis.com https://storage.googleapis.com/chartmuseum.jenkins-x.io
WARNING: No secrets found on "helm/repos" due: reading the secret "helm/repos" from vault: no secret "helm/repos" not found in vault
Read credentials for https://storage.googleapis.com/chartmuseum.jenkins-x.io from vault helm/repos
Successfully added Helm repository storage.googleapis.com.
Adding missing Helm repo: jenkins-x-chartmuseum http://jenkins-x-chartmuseum:8080
WARNING: No secrets found on "helm/repos" due: reading the secret "helm/repos" from vault: no secret "helm/repos" not found in vault
Read credentials for http://jenkins-x-chartmuseum:8080 from vault helm/repos
Successfully added Helm repository jenkins-x-chartmuseum.
WARNING: No $CHART_REPOSITORY defined so using the default value of: http://jenkins-x-chartmuseum:8080
Adding missing Helm repo: chartmuseum.jenkins-x.io http://chartmuseum.jenkins-x.io
WARNING: No secrets found on "helm/repos" due: reading the secret "helm/repos" from vault: no secret "helm/repos" not found in vault
Read credentials for http://chartmuseum.jenkins-x.io from vault helm/repos
Successfully added Helm repository chartmuseum.jenkins-x.io.

Showing logs for build [32mcb-kubecd-bdd-gh-1584637753-pr-szm4m-1[0m stage [32mfrom-build-pack[0m and container [32mstep-promote-jx-preview[0m
Creating a preview
Created environment cb-kubecd-bdd-gh-1584637753-pr-1
Namespace **-cb-kubecd-bdd-gh-1584637753-pr-1 created 
expose:
  Annotations:
    helm.sh/hook: post-install,post-upgrade
    helm.sh/hook-delete-policy: hook-succeeded
  config:
    domain: 35.195.188.113.nip.io
    exposer: Ingress
    http: "true"
preview:
  image:
    repository: gcr.io/jenkins-x-bdd3/bdd-gh-1584637753
    tag: 0.0.0-SNAPSHOT-PR-1-1

Updating PipelineActivities cb-kubecd-bdd-gh-1584637753-pr-1-1 which has status Running
WARNING: preview application http://bdd-gh-1584637753.**-cb-kubecd-bdd-gh-1584637753-pr-1.35.195.188.113.nip.io not available, error was 503 503 Service Temporarily Unavailable, delaying for: 1.089834185s
WARNING: preview application http://bdd-gh-1584637753.**-cb-kubecd-bdd-gh-1584637753-pr-1.35.195.188.113.nip.io not available, error was 503 503 Service Temporarily Unavailable, delaying for: 2.067017638s
WARNING: preview application http://bdd-gh-1584637753.**-cb-kubecd-bdd-gh-1584637753-pr-1.35.195.188.113.nip.io not available, error was 503 503 Service Temporarily Unavailable, delaying for: 1.184096588s
WARNING: preview application http://bdd-gh-1584637753.**-cb-kubecd-bdd-gh-1584637753-pr-1.35.195.188.113.nip.io not available, error was 503 503 Service Temporarily Unavailable, delaying for: 3.853521982s
WARNING: preview application http://bdd-gh-1584637753.**-cb-kubecd-bdd-gh-1584637753-pr-1.35.195.188.113.nip.io not available, error was 503 503 Service Temporarily Unavailable, delaying for: 5.531407751s
WARNING: preview application http://bdd-gh-1584637753.**-cb-kubecd-bdd-gh-1584637753-pr-1.35.195.188.113.nip.io not available, error was 503 503 Service Temporarily Unavailable, delaying for: 4.027136847s
WARNING: preview application http://bdd-gh-1584637753.**-cb-kubecd-bdd-gh-1584637753-pr-1.35.195.188.113.nip.io not available, error was 503 503 Service Temporarily Unavailable, delaying for: 14.24697294s
WARNING: preview application http://bdd-gh-1584637753.**-cb-kubecd-bdd-gh-1584637753-pr-1.35.195.188.113.nip.io not available, error was 503 503 Service Temporarily Unavailable, delaying for: 11.122330987s
WARNING: preview application http://bdd-gh-1584637753.**-cb-kubecd-bdd-gh-1584637753-pr-1.35.195.188.113.nip.io not available, error was 503 503 Service Temporarily Unavailable, delaying for: 18.756003535s
WARNING: preview application http://bdd-gh-1584637753.**-cb-kubecd-bdd-gh-1584637753-pr-1.35.195.188.113.nip.io not available, error was 503 503 Service Temporarily Unavailable, delaying for: 22.675280751s
Preview application is now available at: http://bdd-gh-1584637753.**-cb-kubecd-bdd-gh-1584637753-pr-1.35.195.188.113.nip.io
